total 4.0K
drwxr-xr-x. 4 dryu zh 4.0K Apr  9 18:30 config
drwxr-xr-x. 3 dryu zh   38 May  9 18:25 external
drwxr-xr-x. 4 dryu zh   56 May 24 20:40 tmp
drwxr-xr-x. 3 dryu zh   38 May 24 20:40 test
drwxr-xr-x. 3 dryu zh   38 May 24 20:40 static
drwxr-xr-x. 3 dryu zh   38 May 24 20:40 objs
drwxr-xr-x. 3 dryu zh   38 May 24 20:40 logs
drwxr-xr-x. 3 dryu zh   38 May 24 20:40 lib
drwxr-xr-x. 2 dryu zh   10 May 24 20:40 include
drwxr-xr-x. 2 dryu zh   10 May 24 20:40 doc
drwxr-xr-x. 3 dryu zh   38 May 24 20:40 cfipython
drwxr-xr-x. 3 dryu zh   38 May 24 20:40 bin
drwxr-xr-x. 3 dryu zh   38 May 24 20:40 biglib
drwxr-xr-x. 6 dryu zh  122 May 24 20:45 python
drwxr-xr-x. 5 dryu zh  124 May 25 17:22 src
Done: ProjectRename
/pool/condor/dir_10403
total 8.6M
drwxr-xr-x. 18 dryu zh  283 May 24 20:40 CMSSW_12_3_0
-rw-------.  1 dryu zh  11K May 30 17:42 x509up
-rw-r--r--.  1 dryu zh 8.2K May 30 17:42 test_cfg.py
-rwxr-xr-x.  1 dryu zh  609 May 30 17:42 condor_exec.exe
-rw-------.  1 dryu zh  32K May 30 17:42 dryu.cc
-rw-r--r--.  1 dryu zh  361 May 30 17:42 runOnCondor.sh
-rw-r--r--.  1 dryu zh  609 May 30 17:42 condor_run_220530_173952.sh
-rw-r--r--.  1 dryu zh 8.5M May 30 17:42 HCALNano_CMSSW_12_3_0.tar.gz
drwx------.  3 dryu zh   25 May 30 17:42 var
-rw-r--r--.  1 dryu zh    0 May 30 17:42 _condor_stderr
drwx------.  3 dryu zh   30 May 30 17:42 tmp
-rw-r--r--.  1 dryu zh  744 May 30 17:42 _condor_stdout
/pool/condor/dir_10403/x509up
-rw-------. 1 dryu zh 11K May 30 17:42 /pool/condor/dir_10403/x509up
subject   : /DC=ch/DC=cern/OU=Organic Units/OU=Users/CN=dryu/CN=718606/CN=David Yu/CN=1471631789
issuer    : /DC=ch/DC=cern/OU=Organic Units/OU=Users/CN=dryu/CN=718606/CN=David Yu
identity  : /DC=ch/DC=cern/OU=Organic Units/OU=Users/CN=dryu/CN=718606/CN=David Yu
type      : RFC3820 compliant impersonation proxy
strength  : 2048
path      : /pool/condor/dir_10403/x509up
timeleft  : 71:36:02
key usage : Digital Signature, Key Encipherment
=== VO cms extension information ===
VO        : cms
subject   : /DC=ch/DC=cern/OU=Organic Units/OU=Users/CN=dryu/CN=718606/CN=David Yu
issuer    : /DC=ch/DC=cern/OU=computers/CN=lcg-voms2.cern.ch
attribute : /cms/Role=NULL/Capability=NULL
timeleft  : 71:36:02
uri       : lcg-voms2.cern.ch:15002

total 8.6M
drwxr-xr-x. 18 dryu zh  283 May 24 20:40 CMSSW_12_3_0
-rw-------.  1 dryu zh  11K May 30 17:42 x509up
-rw-r--r--.  1 dryu zh 8.2K May 30 17:42 test_cfg.py
-rwxr-xr-x.  1 dryu zh  609 May 30 17:42 condor_exec.exe
-rw-------.  1 dryu zh  32K May 30 17:42 dryu.cc
-rw-r--r--.  1 dryu zh  361 May 30 17:42 runOnCondor.sh
-rw-r--r--.  1 dryu zh  609 May 30 17:42 condor_run_220530_173952.sh
-rw-r--r--.  1 dryu zh 8.5M May 30 17:42 HCALNano_CMSSW_12_3_0.tar.gz
drwx------.  3 dryu zh   25 May 30 17:42 var
-rw-r--r--.  1 dryu zh    0 May 30 17:42 _condor_stderr
drwx------.  4 dryu zh   57 May 30 17:42 tmp
-rw-r--r--.  1 dryu zh 2.2K May 30 17:42 _condor_stdout
/pool/condor/dir_10403
----- Begin Fatal Exception 30-May-2022 17:42:36 CEST-----------------------
An exception of category 'ConfigFileReadError' occurred while
   [0] Processing the python configuration file named test_cfg.py
Exception Message:
 unknown python problem occurred.
RuntimeError: Unknown command

At:
  /cvmfs/cms.cern.ch/slc7_amd64_gcc10/cms/cmssw/CMSSW_12_3_0/python/FWCore/ParameterSet/VarParsing.py(246): parseArguments
  test_cfg.py(57): <module>

----- End Fatal Exception -------------------------------------------------
total 12K
-rw-r--r--. 1 dryu zh 8.2K May 30 17:42 test_cfg.py
/pool/condor/dir_10403/work
total 8.6M
drwxr-xr-x. 18 dryu zh  283 May 24 20:40 CMSSW_12_3_0
-rw-------.  1 dryu zh  11K May 30 17:42 x509up
-rwxr-xr-x.  1 dryu zh  609 May 30 17:42 condor_exec.exe
-rw-------.  1 dryu zh  32K May 30 17:42 dryu.cc
-rw-r--r--.  1 dryu zh  361 May 30 17:42 runOnCondor.sh
-rw-r--r--.  1 dryu zh  609 May 30 17:42 condor_run_220530_173952.sh
-rw-r--r--.  1 dryu zh 8.5M May 30 17:42 HCALNano_CMSSW_12_3_0.tar.gz
drwx------.  3 dryu zh   25 May 30 17:42 var
drwx------.  4 dryu zh   57 May 30 17:42 tmp
drwxr-xr-x.  2 dryu zh   33 May 30 17:42 work
-rw-r--r--.  1 dryu zh   50 May 30 17:42 _condor_stderr
-rw-r--r--.  1 dryu zh 3.5K May 30 17:42 _condor_stdout
Job done.
Contents of current directory:
ls -lrth
Contents of top directory:
ls -lrth /pool/condor/dir_10403
Run time 6
