/pool/condor/dir_152384/x509up
-rw-------. 1 dryu zh 11K May 30 17:20 /pool/condor/dir_152384/x509up
subject   : /DC=ch/DC=cern/OU=Organic Units/OU=Users/CN=dryu/CN=718606/CN=David Yu/CN=1471631789
issuer    : /DC=ch/DC=cern/OU=Organic Units/OU=Users/CN=dryu/CN=718606/CN=David Yu
identity  : /DC=ch/DC=cern/OU=Organic Units/OU=Users/CN=dryu/CN=718606/CN=David Yu
type      : RFC3820 compliant impersonation proxy
strength  : 2048
path      : /pool/condor/dir_152384/x509up
timeleft  : 71:57:42
key usage : Digital Signature, Key Encipherment
=== VO cms extension information ===
VO        : cms
subject   : /DC=ch/DC=cern/OU=Organic Units/OU=Users/CN=dryu/CN=718606/CN=David Yu
issuer    : /DC=ch/DC=cern/OU=computers/CN=lcg-voms2.cern.ch
attribute : /cms/Role=NULL/Capability=NULL
timeleft  : 71:57:42
uri       : lcg-voms2.cern.ch:15002

total 72K
-rw-------. 1 dryu zh  11K May 30 17:20 x509up
-rw-r--r--. 1 dryu zh 8.2K May 30 17:20 test_cfg.py
-rw-r--r--. 1 dryu zh  334 May 30 17:20 runOnCondor.sh
-rw-r--r--. 1 dryu zh  368 May 30 17:20 condor_run_220530_171927.sh
-rwxr-xr-x. 1 dryu zh  368 May 30 17:20 condor_exec.exe
-rw-------. 1 dryu zh  32K May 30 17:20 dryu.cc
drwx------. 3 dryu zh   25 May 30 17:20 var
-rw-r--r--. 1 dryu zh    0 May 30 17:20 _condor_stderr
drwx------. 4 dryu zh   57 May 30 17:20 tmp
-rw-r--r--. 1 dryu zh  841 May 30 17:20 _condor_stdout
/pool/condor/dir_152384
runOnCondor.sh: line 7: cmsRun: command not found
total 76K
-rw-------. 1 dryu zh  11K May 30 17:20 x509up
-rw-r--r--. 1 dryu zh 8.2K May 30 17:20 test_cfg.py
-rw-r--r--. 1 dryu zh  334 May 30 17:20 runOnCondor.sh
-rw-r--r--. 1 dryu zh  368 May 30 17:20 condor_run_220530_171927.sh
-rwxr-xr-x. 1 dryu zh  368 May 30 17:20 condor_exec.exe
-rw-------. 1 dryu zh  32K May 30 17:20 dryu.cc
drwx------. 3 dryu zh   25 May 30 17:20 var
drwx------. 4 dryu zh   57 May 30 17:20 tmp
drwxr-xr-x. 2 dryu zh   10 May 30 17:20 work
-rw-r--r--. 1 dryu zh 1.5K May 30 17:20 _condor_stdout
-rw-r--r--. 1 dryu zh  183 May 30 17:20 _condor_stderr
/pool/condor/dir_152384
total 76K
-rw-------. 1 dryu zh  11K May 30 17:20 x509up
-rw-r--r--. 1 dryu zh 8.2K May 30 17:20 test_cfg.py
-rw-r--r--. 1 dryu zh  334 May 30 17:20 runOnCondor.sh
-rw-r--r--. 1 dryu zh  368 May 30 17:20 condor_run_220530_171927.sh
-rwxr-xr-x. 1 dryu zh  368 May 30 17:20 condor_exec.exe
-rw-------. 1 dryu zh  32K May 30 17:20 dryu.cc
drwx------. 3 dryu zh   25 May 30 17:20 var
drwx------. 4 dryu zh   57 May 30 17:20 tmp
drwxr-xr-x. 2 dryu zh   10 May 30 17:20 work
-rw-r--r--. 1 dryu zh  183 May 30 17:20 _condor_stderr
-rw-r--r--. 1 dryu zh 2.1K May 30 17:20 _condor_stdout
Job done.
total 76K
-rw-------. 1 dryu zh  11K May 30 17:20 x509up
-rw-r--r--. 1 dryu zh 8.2K May 30 17:20 test_cfg.py
-rw-r--r--. 1 dryu zh  334 May 30 17:20 runOnCondor.sh
-rw-r--r--. 1 dryu zh  368 May 30 17:20 condor_run_220530_171927.sh
-rwxr-xr-x. 1 dryu zh  368 May 30 17:20 condor_exec.exe
-rw-------. 1 dryu zh  32K May 30 17:20 dryu.cc
drwx------. 3 dryu zh   25 May 30 17:20 var
drwx------. 4 dryu zh   57 May 30 17:20 tmp
drwxr-xr-x. 2 dryu zh   10 May 30 17:20 work
-rw-r--r--. 1 dryu zh 2.6K May 30 17:20 _condor_stdout
-rw-r--r--. 1 dryu zh  237 May 30 17:20 _condor_stderr
total 76K
-rw-------. 1 dryu zh  11K May 30 17:20 x509up
-rw-r--r--. 1 dryu zh 8.2K May 30 17:20 test_cfg.py
-rw-r--r--. 1 dryu zh  334 May 30 17:20 runOnCondor.sh
-rw-r--r--. 1 dryu zh  368 May 30 17:20 condor_run_220530_171927.sh
-rwxr-xr-x. 1 dryu zh  368 May 30 17:20 condor_exec.exe
-rw-------. 1 dryu zh  32K May 30 17:20 dryu.cc
drwx------. 3 dryu zh   25 May 30 17:20 var
drwx------. 4 dryu zh   57 May 30 17:20 tmp
drwxr-xr-x. 2 dryu zh   10 May 30 17:20 work
-rw-r--r--. 1 dryu zh 3.2K May 30 17:20 _condor_stdout
-rw-r--r--. 1 dryu zh  291 May 30 17:20 _condor_stderr
Run time 0
